<?xml version="1.0" encoding="UTF-8"?>
<!-- Generated by org.testng.reporters.JUnitReportReporter -->
<testsuite hostname="classroom" name="TestScripts.TC2_AddEmp" tests="1" failures="0" timestamp="28 Feb 2017 06:31:43 GMT" time="21.160" errors="0">
  <testcase name="AddEmployee" time="21.160" classname="TestScripts.TC2_AddEmp"/>
</testsuite> <!-- TestScripts.TC2_AddEmp -->
